0 info it worked if it ends with ok
1 verbose cli [ 'd:\\Program Files\\nodejs\\node.exe',
1 verbose cli   'C:\\Users\\Administrator\\AppData\\Roaming\\npm\\node_modules\\npm\\bin\\npm-cli.js',
1 verbose cli   'start',
1 verbose cli   '\'https://www.douban.com/photos/album/1622832404/\'' ]
2 info using npm@3.3.3
3 info using node@v4.1.0
4 verbose run-script [ 'prestart', 'start', 'poststart' ]
5 info lifecycle pachong@1.0.0~prestart: pachong@1.0.0
6 silly lifecycle pachong@1.0.0~prestart: no script for prestart, continuing
7 info lifecycle pachong@1.0.0~start: pachong@1.0.0
8 verbose lifecycle pachong@1.0.0~start: unsafe-perm in lifecycle true
9 verbose lifecycle pachong@1.0.0~start: PATH: C:\Users\Administrator\AppData\Roaming\npm\node_modules\npm\bin\node-gyp-bin;E:\Web Work\pachong\node_modules\.bin;C:\WINDOWS\system32;C:\WINDOWS;C:\WINDOWS\System32\Wbem;C:\WINDOWS\System32\WindowsPowerShell\v1.0\;C:\Program Files (x86)\NVIDIA Corporation\PhysX\Common;d:\Program Files\nodejs\;D:\Program Files\Git\cmd;C:\Users\Administrator\AppData\Roaming\npm;C:\Users\Administrator\AppData\Local\atom\bin
10 verbose lifecycle pachong@1.0.0~start: CWD: E:\Web Work\pachong
11 silly lifecycle pachong@1.0.0~start: Args: [ '/d /s /c',
11 silly lifecycle   'node index.js "\'https://www.douban.com/photos/album/1622832404/\'"' ]
12 silly lifecycle pachong@1.0.0~start: Returned: code: 1  signal: null
13 info lifecycle pachong@1.0.0~start: Failed to exec start script
14 verbose stack Error: pachong@1.0.0 start: `node index.js "'https://www.douban.com/photos/album/1622832404/'"`
14 verbose stack Exit status 1
14 verbose stack     at EventEmitter.<anonymous> (C:\Users\Administrator\AppData\Roaming\npm\node_modules\npm\lib\utils\lifecycle.js:233:16)
14 verbose stack     at emitTwo (events.js:87:13)
14 verbose stack     at EventEmitter.emit (events.js:172:7)
14 verbose stack     at ChildProcess.<anonymous> (C:\Users\Administrator\AppData\Roaming\npm\node_modules\npm\lib\utils\spawn.js:24:14)
14 verbose stack     at emitTwo (events.js:87:13)
14 verbose stack     at ChildProcess.emit (events.js:172:7)
14 verbose stack     at maybeClose (internal/child_process.js:817:16)
14 verbose stack     at Process.ChildProcess._handle.onexit (internal/child_process.js:211:5)
15 verbose pkgid pachong@1.0.0
16 verbose cwd E:\Web Work\pachong
17 error Windows_NT 10.0.10240
18 error argv "d:\\Program Files\\nodejs\\node.exe" "C:\\Users\\Administrator\\AppData\\Roaming\\npm\\node_modules\\npm\\bin\\npm-cli.js" "start" "'https://www.douban.com/photos/album/1622832404/'"
19 error node v4.1.0
20 error npm  v3.3.3
21 error code ELIFECYCLE
22 error pachong@1.0.0 start: `node index.js "'https://www.douban.com/photos/album/1622832404/'"`
22 error Exit status 1
23 error Failed at the pachong@1.0.0 start script 'node index.js "'https://www.douban.com/photos/album/1622832404/'"'.
23 error This is most likely a problem with the pachong package,
23 error not with npm itself.
23 error Tell the author that this fails on your system:
23 error     node index.js "'https://www.douban.com/photos/album/1622832404/'"
23 error You can get their info via:
23 error     npm owner ls pachong
23 error There is likely additional logging output above.
24 verbose exit [ 1, true ]
